<?xml version="1.0" encoding="UTF-8"?>
<!-- Generated by org.testng.reporters.JUnitReportReporter -->
<testsuite hostname="DESKTOP-P1FOB4D" failures="0" tests="1" name="tests.login_test" time="164.431" errors="0" timestamp="2023-02-26T15:17:03 EET" skipped="0">
  <testcase classname="tests.login_test" name="Login" time="164.431"/>
  <system-out/>
</testsuite> <!-- tests.login_test -->
