<?xml version="1.0" encoding="UTF-8"?>
<!-- Generated by org.testng.reporters.JUnitReportReporter -->
<testsuite hostname="DESKTOP-P1FOB4D" failures="0" tests="1" name="tests.home_test" time="90.454" errors="0" timestamp="2023-02-26T15:17:03 EET" skipped="0">
  <testcase classname="tests.home_test" name="OpenAddProduct" time="90.454"/>
  <system-out/>
</testsuite> <!-- tests.home_test -->
