<?xml version="1.0" encoding="UTF-8"?>
<!-- Generated by org.testng.reporters.JUnitReportReporter -->
<testsuite hostname="DESKTOP-P1FOB4D" failures="0" tests="1" name="tests.addproduct_test" time="0.136" errors="0" timestamp="2023-02-26T15:17:03 EET" skipped="0">
  <testcase classname="tests.addproduct_test" name="NavigateToStep2" time="0.136"/>
  <system-out/>
</testsuite> <!-- tests.addproduct_test -->
